<?xml version="1.0" encoding="UTF-8"?>
<testsuites name="jest tests" tests="3" failures="0" errors="0" time="0.385">
  <testsuite name="Todo API basic checks" errors="0" failures="0" skipped="0" timestamp="2026-05-19T18:13:10" time="0.314" tests="3">
    <testcase classname="Todo API basic checks adds 1 + 1 to equal 2" name="Todo API basic checks adds 1 + 1 to equal 2" time="0.002">
    </testcase>
    <testcase classname="Todo API basic checks todo item has required fields" name="Todo API basic checks todo item has required fields" time="0.001">
    </testcase>
    <testcase classname="Todo API basic checks completed defaults to false" name="Todo API basic checks completed defaults to false" time="0">
    </testcase>
  </testsuite>
</testsuites>